<?xml version="1.0" encoding="UTF-8"?>
<testsuite xmlns:xsi="http://www.w3.org/2001/XMLSchema-instance" xsi:noNamespaceSchemaLocation="https://maven.apache.org/surefire/maven-surefire-plugin/xsd/surefire-test-report.xsd" version="3.0.2" name="TestSuite" time="11.449" tests="2" errors="0" skipped="0" failures="0">
  <properties>
[...]
</properties>
  <testcase name="verify_account_registration" classname="testCases.TC001_AccountRegistrationTest" time="2.674">
    <system-out><![CDATA[2024-12-11T08:59:49.349887300Z main INFO Starting configuration XmlConfiguration[location=D:\projects\OpencartV121\target\test-classes\log4j2.xml, lastModified=2024-12-10T08:02:07.232Z]...
2024-12-11T08:59:49.361031200Z main INFO Start watching for changes to D:\projects\OpencartV121\target\test-classes\log4j2.xml every 0 seconds
2024-12-11T08:59:49.361031200Z main INFO Configuration XmlConfiguration[location=D:\projects\OpencartV121\target\test-classes\log4j2.xml, lastModified=2024-12-10T08:02:07.232Z] started.
2024-12-11T08:59:49.361031200Z main INFO Stopping configuration org.apache.logging.log4j.core.config.DefaultConfiguration@cd3fee8...
2024-12-11T08:59:49.361031200Z main INFO Configuration org.apache.logging.log4j.core.config.DefaultConfiguration@cd3fee8 stopped.
]]></system-out>
  </testcase>
  <testcase name="verify_login" classname="testCases.TC002_LoginTest" time="1.22"/>
</testsuite>